<?xml version="1.0" encoding="UTF-8" ?>
<testsuite failures="0" time="0.004" errors="0" skipped="0" tests="35" name="org.jfree.data.xy.junit.XYSeriesTests">
  <properties>
[...]
</properties>
  <testcase time="0" classname="org.jfree.data.xy.junit.XYSeriesTests" name="testEquals"/>
  <testcase time="0" classname="org.jfree.data.xy.junit.XYSeriesTests" name="testHashCode"/>
  <testcase time="0" classname="org.jfree.data.xy.junit.XYSeriesTests" name="testSerialization"/>
  <testcase time="0" classname="org.jfree.data.xy.junit.XYSeriesTests" name="testCloning"/>
  <testcase time="0.001" classname="org.jfree.data.xy.junit.XYSeriesTests" name="testCloning2"/>
  <testcase time="0" classname="org.jfree.data.xy.junit.XYSeriesTests" name="testCloning3"/>
  <testcase time="0" classname="org.jfree.data.xy.junit.XYSeriesTests" name="testRemove"/>
  <testcase time="0" classname="org.jfree.data.xy.junit.XYSeriesTests" name="testIndexOf"/>
  <testcase time="0" classname="org.jfree.data.xy.junit.XYSeriesTests" name="testSetMaximumItemCount"/>
  <testcase time="0" classname="org.jfree.data.xy.junit.XYSeriesTests" name="testSetMaximumItemCount2"/>
  <testcase time="0" classname="org.jfree.data.xy.junit.XYSeriesTests" name="testClear"/>
  <testcase time="0" classname="org.jfree.data.xy.junit.XYSeriesTests" name="testDelete"/>
  <testcase time="0" classname="org.jfree.data.xy.junit.XYSeriesTests" name="testAddOrUpdate"/>
  <testcase time="0" classname="org.jfree.data.xy.junit.XYSeriesTests" name="testAddOrUpdate2"/>
  <testcase time="0" classname="org.jfree.data.xy.junit.XYSeriesTests" name="testAddOrUpdate3"/>
  <testcase time="0" classname="org.jfree.data.xy.junit.XYSeriesTests" name="testGetMinY"/>
  <testcase time="0" classname="org.jfree.data.xy.junit.XYSeriesTests" name="testGetMaxY"/>
  <testcase time="0" classname="org.jfree.data.xy.junit.XYSeriesTests" name="testAdd"/>
  <testcase time="0" classname="org.jfree.data.xy.junit.XYSeriesTests" name="testIndexOf2"/>
  <testcase time="0" classname="org.jfree.data.xy.junit.XYSeriesTests" name="testAdditionOfDuplicateXValues"/>
  <testcase time="0" classname="org.jfree.data.xy.junit.XYSeriesTests" name="testIndexOf3"/>
  <testcase time="0" classname="org.jfree.data.xy.junit.XYSeriesTests" name="testRemove2"/>
  <testcase time="0.001" classname="org.jfree.data.xy.junit.XYSeriesTests" name="testUpdate"/>
  <testcase time="0" classname="org.jfree.data.xy.junit.XYSeriesTests" name="testUpdate2"/>
  <testcase time="0" classname="org.jfree.data.xy.junit.XYSeriesTests" name="testSetMaximumItemCount3"/>
  <testcase time="0" classname="org.jfree.data.xy.junit.XYSeriesTests" name="testSetMaximumItemCount4"/>
  <testcase time="0" classname="org.jfree.data.xy.junit.XYSeriesTests" name="testToArray"/>
  <testcase time="0.002" classname="org.jfree.data.xy.junit.XYSeriesTests" name="testToArrayExample"/>
  <testcase time="0" classname="org.jfree.data.xy.junit.XYSeriesTests" name="testBug1955483"/>
  <testcase time="0" classname="org.jfree.data.xy.junit.XYSeriesTests" name="testGetMinX"/>
  <testcase time="0" classname="org.jfree.data.xy.junit.XYSeriesTests" name="testGetMaxX"/>
  <testcase time="0" classname="org.jfree.data.xy.junit.XYSeriesTests" name="testUpdateByIndex"/>
  <testcase time="0" classname="org.jfree.data.xy.junit.XYSeriesTests" name="testUpdateByIndex2"/>
  <testcase time="0" classname="org.jfree.data.xy.junit.XYSeriesTests" name="testUpdateByIndex3"/>
  <testcase time="0" classname="org.jfree.data.xy.junit.XYSeriesTests" name="testUpdateXY"/>
</testsuite>