<?xml version="1.0" encoding="UTF-8" ?>
<testsuite failures="0" time="0.247" errors="0" skipped="0" tests="22" name="org.jfree.chart.axis.junit.DateAxisTests">
  <properties>
[...]
</properties>
  <testcase time="0.022" classname="org.jfree.chart.axis.junit.DateAxisTests" name="testEquals"/>
  <testcase time="0.007" classname="org.jfree.chart.axis.junit.DateAxisTests" name="testHashCode"/>
  <testcase time="0.11" classname="org.jfree.chart.axis.junit.DateAxisTests" name="testSerialization"/>
  <testcase time="0.003" classname="org.jfree.chart.axis.junit.DateAxisTests" name="testCloning"/>
  <testcase time="0.003" classname="org.jfree.chart.axis.junit.DateAxisTests" name="testJava2DToValue"/>
  <testcase time="0.007" classname="org.jfree.chart.axis.junit.DateAxisTests" name="test1472942"/>
  <testcase time="0.003" classname="org.jfree.chart.axis.junit.DateAxisTests" name="testSetRange"/>
  <testcase time="0.003" classname="org.jfree.chart.axis.junit.DateAxisTests" name="testSetMaximumDate"/>
  <testcase time="0.012" classname="org.jfree.chart.axis.junit.DateAxisTests" name="testSetMinimumDate"/>
  <testcase time="0.007" classname="org.jfree.chart.axis.junit.DateAxisTests" name="testPreviousStandardDateYearA"/>
  <testcase time="0.004" classname="org.jfree.chart.axis.junit.DateAxisTests" name="testPreviousStandardDateYearB"/>
  <testcase time="0.006" classname="org.jfree.chart.axis.junit.DateAxisTests" name="testPreviousStandardDateMonthA"/>
  <testcase time="0.005" classname="org.jfree.chart.axis.junit.DateAxisTests" name="testPreviousStandardDateMonthB"/>
  <testcase time="0.004" classname="org.jfree.chart.axis.junit.DateAxisTests" name="testPreviousStandardDateDayA"/>
  <testcase time="0.005" classname="org.jfree.chart.axis.junit.DateAxisTests" name="testPreviousStandardDateDayB"/>
  <testcase time="0.004" classname="org.jfree.chart.axis.junit.DateAxisTests" name="testPreviousStandardDateHourA"/>
  <testcase time="0.004" classname="org.jfree.chart.axis.junit.DateAxisTests" name="testPreviousStandardDateHourB"/>
  <testcase time="0.004" classname="org.jfree.chart.axis.junit.DateAxisTests" name="testPreviousStandardDateSecondA"/>
  <testcase time="0.004" classname="org.jfree.chart.axis.junit.DateAxisTests" name="testPreviousStandardDateSecondB"/>
  <testcase time="0.007" classname="org.jfree.chart.axis.junit.DateAxisTests" name="testPreviousStandardDateMillisecondA"/>
  <testcase time="0.005" classname="org.jfree.chart.axis.junit.DateAxisTests" name="testPreviousStandardDateMillisecondB"/>
  <testcase time="0.009" classname="org.jfree.chart.axis.junit.DateAxisTests" name="testBug2201869"/>
</testsuite>