<?xml version="1.0" encoding="UTF-8" ?>
<testsuite failures="0" time="0.059" errors="0" skipped="0" tests="38" name="org.jfree.data.time.junit.TimeSeriesTests">
  <properties>
[...]
</properties>
  <testcase time="0.002" classname="org.jfree.data.time.junit.TimeSeriesTests" name="testEquals"/>
  <testcase time="0.002" classname="org.jfree.data.time.junit.TimeSeriesTests" name="testHashCode"/>
  <testcase time="0.002" classname="org.jfree.data.time.junit.TimeSeriesTests" name="testSerialization"/>
  <testcase time="0.001" classname="org.jfree.data.time.junit.TimeSeriesTests" name="testEquals2"/>
  <testcase time="0.001" classname="org.jfree.data.time.junit.TimeSeriesTests" name="testGetValue"/>
  <testcase time="0.001" classname="org.jfree.data.time.junit.TimeSeriesTests" name="testSetMaximumItemCount"/>
  <testcase time="0.002" classname="org.jfree.data.time.junit.TimeSeriesTests" name="testClear"/>
  <testcase time="0.001" classname="org.jfree.data.time.junit.TimeSeriesTests" name="testClone"/>
  <testcase time="0.002" classname="org.jfree.data.time.junit.TimeSeriesTests" name="testClone2"/>
  <testcase time="0.001" classname="org.jfree.data.time.junit.TimeSeriesTests" name="testAddValue"/>
  <testcase time="0.001" classname="org.jfree.data.time.junit.TimeSeriesTests" name="testDelete"/>
  <testcase time="0.002" classname="org.jfree.data.time.junit.TimeSeriesTests" name="testDelete2"/>
  <testcase time="0.001" classname="org.jfree.data.time.junit.TimeSeriesTests" name="testDelete3"/>
  <testcase time="0.001" classname="org.jfree.data.time.junit.TimeSeriesTests" name="testDelete_RegularTimePeriod"/>
  <testcase time="0.001" classname="org.jfree.data.time.junit.TimeSeriesTests" name="testEquals3"/>
  <testcase time="0.004" classname="org.jfree.data.time.junit.TimeSeriesTests" name="testCreateCopy1"/>
  <testcase time="0.002" classname="org.jfree.data.time.junit.TimeSeriesTests" name="testCreateCopy2"/>
  <testcase time="0.002" classname="org.jfree.data.time.junit.TimeSeriesTests" name="testCreateCopy3"/>
  <testcase time="0.001" classname="org.jfree.data.time.junit.TimeSeriesTests" name="testAddOrUpdate"/>
  <testcase time="0.001" classname="org.jfree.data.time.junit.TimeSeriesTests" name="testAddOrUpdate2"/>
  <testcase time="0.002" classname="org.jfree.data.time.junit.TimeSeriesTests" name="testAddOrUpdate3"/>
  <testcase time="0.001" classname="org.jfree.data.time.junit.TimeSeriesTests" name="testAddOrUpdate4"/>
  <testcase time="0.001" classname="org.jfree.data.time.junit.TimeSeriesTests" name="testBug1075255"/>
  <testcase time="0.001" classname="org.jfree.data.time.junit.TimeSeriesTests" name="testBug1832432"/>
  <testcase time="0.002" classname="org.jfree.data.time.junit.TimeSeriesTests" name="testGetIndex"/>
  <testcase time="0.002" classname="org.jfree.data.time.junit.TimeSeriesTests" name="testGetDataItem1"/>
  <testcase time="0.001" classname="org.jfree.data.time.junit.TimeSeriesTests" name="testGetDataItem2"/>
  <testcase time="0.001" classname="org.jfree.data.time.junit.TimeSeriesTests" name="testRemoveAgedItems"/>
  <testcase time="0.002" classname="org.jfree.data.time.junit.TimeSeriesTests" name="testRemoveAgedItems2"/>
  <testcase time="0.001" classname="org.jfree.data.time.junit.TimeSeriesTests" name="testRemoveAgedItems3"/>
  <testcase time="0.001" classname="org.jfree.data.time.junit.TimeSeriesTests" name="testRemoveAgedItems4"/>
  <testcase time="0.002" classname="org.jfree.data.time.junit.TimeSeriesTests" name="testRemoveAgedItems5"/>
  <testcase time="0.001" classname="org.jfree.data.time.junit.TimeSeriesTests" name="testBug1864222"/>
  <testcase time="0.001" classname="org.jfree.data.time.junit.TimeSeriesTests" name="testGetMinY"/>
  <testcase time="0.001" classname="org.jfree.data.time.junit.TimeSeriesTests" name="testGetMaxY"/>
  <testcase time="0.001" classname="org.jfree.data.time.junit.TimeSeriesTests" name="testAdd"/>
  <testcase time="0.001" classname="org.jfree.data.time.junit.TimeSeriesTests" name="testUpdate_RegularTimePeriod"/>
  <testcase time="0.001" classname="org.jfree.data.time.junit.TimeSeriesTests" name="testAdd_TimeSeriesDataItem"/>
</testsuite>