<?xml version="1.0" encoding="UTF-8" ?>
<testsuite failures="0" time="0.152" errors="0" skipped="0" tests="28" name="org.jfree.chart.plot.junit.XYPlotTests">
  <properties>
[...]
</properties>
  <testcase time="0.02" classname="org.jfree.chart.plot.junit.XYPlotTests" name="testEquals"/>
  <testcase time="0.001" classname="org.jfree.chart.plot.junit.XYPlotTests" name="testCloning"/>
  <testcase time="0.001" classname="org.jfree.chart.plot.junit.XYPlotTests" name="testCloning2"/>
  <testcase time="0.029" classname="org.jfree.chart.plot.junit.XYPlotTests" name="testSerialization2"/>
  <testcase time="0.001" classname="org.jfree.chart.plot.junit.XYPlotTests" name="testCloning3"/>
  <testcase time="0.001" classname="org.jfree.chart.plot.junit.XYPlotTests" name="testBug2817504"/>
  <testcase time="0.022" classname="org.jfree.chart.plot.junit.XYPlotTests" name="testSerialization3"/>
  <testcase time="0.022" classname="org.jfree.chart.plot.junit.XYPlotTests" name="testSerialization4"/>
  <testcase time="0.01" classname="org.jfree.chart.plot.junit.XYPlotTests" name="testSerialization5"/>
  <testcase time="0" classname="org.jfree.chart.plot.junit.XYPlotTests" name="testSetRenderer"/>
  <testcase time="0" classname="org.jfree.chart.plot.junit.XYPlotTests" name="testAddDomainMarker"/>
  <testcase time="0" classname="org.jfree.chart.plot.junit.XYPlotTests" name="testAddRangeMarker"/>
  <testcase time="0.007" classname="org.jfree.chart.plot.junit.XYPlotTests" name="test1654215"/>
  <testcase time="0" classname="org.jfree.chart.plot.junit.XYPlotTests" name="testRemoveDomainMarker"/>
  <testcase time="0" classname="org.jfree.chart.plot.junit.XYPlotTests" name="testRemoveRangeMarker"/>
  <testcase time="0.002" classname="org.jfree.chart.plot.junit.XYPlotTests" name="testGetDomainAxisForDataset"/>
  <testcase time="0.001" classname="org.jfree.chart.plot.junit.XYPlotTests" name="testGetRangeAxisForDataset"/>
  <testcase time="0.007" classname="org.jfree.chart.plot.junit.XYPlotTests" name="testSerialization1"/>
  <testcase time="0.001" classname="org.jfree.chart.plot.junit.XYPlotTests" name="testCloning4"/>
  <testcase time="0" classname="org.jfree.chart.plot.junit.XYPlotTests" name="testCloning_QuadrantOrigin"/>
  <testcase time="0.001" classname="org.jfree.chart.plot.junit.XYPlotTests" name="testCloning_QuadrantPaint"/>
  <testcase time="0.003" classname="org.jfree.chart.plot.junit.XYPlotTests" name="testCloneIndependence"/>
  <testcase time="0" classname="org.jfree.chart.plot.junit.XYPlotTests" name="testSetNullRenderer"/>
  <testcase time="0" classname="org.jfree.chart.plot.junit.XYPlotTests" name="testGetRendererForDataset"/>
  <testcase time="0.002" classname="org.jfree.chart.plot.junit.XYPlotTests" name="testGetLegendItems"/>
  <testcase time="0" classname="org.jfree.chart.plot.junit.XYPlotTests" name="testRemoveAnnotation"/>
  <testcase time="0.006" classname="org.jfree.chart.plot.junit.XYPlotTests" name="testDrawRangeGridlines"/>
  <testcase time="0.005" classname="org.jfree.chart.plot.junit.XYPlotTests" name="testDrawSeriesWithZeroItems"/>
</testsuite>