<?xml version="1.0" encoding="UTF-8" ?>
<testsuite failures="0" time="0.128" errors="0" skipped="0" tests="34" name="org.apache.commons.codec.language.MetaphoneTest">
  <properties>
[...]
</properties>
  <testcase time="0.001" classname="org.apache.commons.codec.language.MetaphoneTest" name="testIsMetaphoneEqual1"/>
  <testcase time="0" classname="org.apache.commons.codec.language.MetaphoneTest" name="testIsMetaphoneEqual2"/>
  <testcase time="0" classname="org.apache.commons.codec.language.MetaphoneTest" name="testIsMetaphoneEqualAero"/>
  <testcase time="0.005" classname="org.apache.commons.codec.language.MetaphoneTest" name="testIsMetaphoneEqualWhite"/>
  <testcase time="0.001" classname="org.apache.commons.codec.language.MetaphoneTest" name="testIsMetaphoneEqualAlbert"/>
  <testcase time="0.052" classname="org.apache.commons.codec.language.MetaphoneTest" name="testIsMetaphoneEqualGary"/>
  <testcase time="0.049" classname="org.apache.commons.codec.language.MetaphoneTest" name="testIsMetaphoneEqualJohn"/>
  <testcase time="0.005" classname="org.apache.commons.codec.language.MetaphoneTest" name="testIsMetaphoneEqualKnight"/>
  <testcase time="0.007" classname="org.apache.commons.codec.language.MetaphoneTest" name="testIsMetaphoneEqualMary"/>
  <testcase time="0" classname="org.apache.commons.codec.language.MetaphoneTest" name="testIsMetaphoneEqualParis"/>
  <testcase time="0.001" classname="org.apache.commons.codec.language.MetaphoneTest" name="testIsMetaphoneEqualPeter"/>
  <testcase time="0" classname="org.apache.commons.codec.language.MetaphoneTest" name="testIsMetaphoneEqualRay"/>
  <testcase time="0.003" classname="org.apache.commons.codec.language.MetaphoneTest" name="testIsMetaphoneEqualSusan"/>
  <testcase time="0" classname="org.apache.commons.codec.language.MetaphoneTest" name="testIsMetaphoneEqualWright"/>
  <testcase time="0.001" classname="org.apache.commons.codec.language.MetaphoneTest" name="testIsMetaphoneEqualXalan"/>
  <testcase time="0.001" classname="org.apache.commons.codec.language.MetaphoneTest" name="testMetaphone"/>
  <testcase time="0" classname="org.apache.commons.codec.language.MetaphoneTest" name="testWordEndingInMB"/>
  <testcase time="0" classname="org.apache.commons.codec.language.MetaphoneTest" name="testDiscardOfSCEOrSCIOrSCY"/>
  <testcase time="0" classname="org.apache.commons.codec.language.MetaphoneTest" name="testWhy"/>
  <testcase time="0" classname="org.apache.commons.codec.language.MetaphoneTest" name="testWordsWithCIA"/>
  <testcase time="0" classname="org.apache.commons.codec.language.MetaphoneTest" name="testTranslateOfSCHAndCH"/>
  <testcase time="0" classname="org.apache.commons.codec.language.MetaphoneTest" name="testTranslateToJOfDGEOrDGIOrDGY"/>
  <testcase time="0.001" classname="org.apache.commons.codec.language.MetaphoneTest" name="testDiscardOfSilentHAfterG"/>
  <testcase time="0" classname="org.apache.commons.codec.language.MetaphoneTest" name="testDiscardOfSilentGN"/>
  <testcase time="0" classname="org.apache.commons.codec.language.MetaphoneTest" name="testPHTOF"/>
  <testcase time="0" classname="org.apache.commons.codec.language.MetaphoneTest" name="testSHAndSIOAndSIAToX"/>
  <testcase time="0" classname="org.apache.commons.codec.language.MetaphoneTest" name="testTIOAndTIAToX"/>
  <testcase time="0" classname="org.apache.commons.codec.language.MetaphoneTest" name="testTCH"/>
  <testcase time="0" classname="org.apache.commons.codec.language.MetaphoneTest" name="testExceedLength"/>
  <testcase time="0.001" classname="org.apache.commons.codec.language.MetaphoneTest" name="testSetMaxLengthWithTruncation"/>
  <testcase time="0" classname="org.apache.commons.codec.language.MetaphoneTest" name="testEncodeEmpty"/>
  <testcase time="0" classname="org.apache.commons.codec.language.MetaphoneTest" name="testEncodeNull"/>
  <testcase time="0" classname="org.apache.commons.codec.language.MetaphoneTest" name="testEncodeWithInvalidObject"/>
  <testcase time="0" classname="org.apache.commons.codec.language.MetaphoneTest" name="testLocaleIndependence"/>
</testsuite>